<?xml version="1.0" encoding="UTF-8"?>
<!-- Generated by org.testng.reporters.JUnitReportReporter -->
<testsuite hostname="LTIN534988" failures="0" tests="3" name="testRunner.TestRunner" time="49.496" errors="1" timestamp="2024-11-11T09:59:14 IST" skipped="0">
  <testcase classname="testRunner.TestRunner" name="runScenario" time="12.987">
    <error message="Index 1 out of bounds for length 1" type="java.lang.IndexOutOfBoundsException">
      <![CDATA[java.lang.IndexOutOfBoundsException: Index 1 out of bounds for length 1
at java.base/jdk.internal.util.Preconditions.outOfBounds(Preconditions.java:64)
at java.base/jdk.internal.util.Preconditions.outOfBoundsCheckIndex(Preconditions.java:70)
at java.base/jdk.internal.util.Preconditions.checkIndex(Preconditions.java:266)
at java.base/java.util.Objects.checkIndex(Objects.java:361)
at java.base/java.util.ArrayList.get(ArrayList.java:427)
at pageObjects.LoginPage.switchTowindow(LoginPage.java:63)
at stepDefinitions.LoginSteps.the_user_switches_to_the_new_window(LoginSteps.java:26)
at ✽.the user switches to the new window(file:///C:/Users/2332815/Downloads/2332815_Kuruhuru_Hackathon_Project/IdentifyNewBikes/./Features/ZigWheelsLogin.feature:8)
]]>
    </error>
  </testcase> <!-- runScenario -->
  <system-out/>
  <testcase classname="testRunner.TestRunner" name="runScenario" time="16.999"/>
  <system-out/>
  <testcase classname="testRunner.TestRunner" name="runScenario" time="19.510"/>
  <system-out/>
</testsuite> <!-- testRunner.TestRunner -->
